<?xml version="1.0" encoding="UTF-8"?>
<testsuite xmlns:xsi="http://www.w3.org/2001/XMLSchema-instance" xsi:noNamespaceSchemaLocation="https://maven.apache.org/surefire/maven-surefire-plugin/xsd/surefire-test-report-3.0.xsd" version="3.0" name="de.htw_berlin.fb4.prose_duongnt.AppTest" time="0.019" tests="1" errors="0" skipped="0" failures="0">
  <properties>
    <property name="java.specification.version" value="23"/>
    <property name="sun.jnu.encoding" value="UTF-8"/>
    <property name="java.class.path" value="/Users/td/Desktop/home/Aktuelle Trend Inf/my-prose-duongnt/target/test-classes:/Users/td/Desktop/home/Aktuelle Trend Inf/my-prose-duongnt/target/classes:/Users/td/.m2/repository/org/junit/jupiter/junit-jupiter-api/6.0.0-M2/junit-jupiter-api-6.0.0-M2.jar:/Users/td/.m2/repository/org/opentest4j/opentest4j/1.3.0/opentest4j-1.3.0.jar:/Users/td/.m2/repository/org/junit/platform/junit-platform-commons/6.0.0-M2/junit-platform-commons-6.0.0-M2.jar:/Users/td/.m2/repository/org/apiguardian/apiguardian-api/1.1.2/apiguardian-api-1.1.2.jar:/Users/td/.m2/repository/org/jspecify/jspecify/1.0.0/jspecify-1.0.0.jar:"/>
    <property name="java.vm.vendor" value="Oracle Corporation"/>
    <property name="sun.arch.data.model" value="64"/>
    <property name="java.vendor.url" value="https://java.oracle.com/"/>
    <property name="os.name" value="Mac OS X"/>
    <property name="java.vm.specification.version" value="23"/>
    <property name="sun.java.launcher" value="SUN_STANDARD"/>
    <property name="user.country" value="DE"/>
    <property name="sun.boot.library.path" value="/Users/td/Library/Java/JavaVirtualMachines/openjdk-23.0.2/Contents/Home/lib"/>
    <property name="sun.java.command" value="/Users/td/Desktop/home/Aktuelle Trend Inf/my-prose-duongnt/target/surefire/surefirebooter-20250827213140766_3.jar /Users/td/Desktop/home/Aktuelle Trend Inf/my-prose-duongnt/target/surefire 2025-08-27T21-31-40_725-jvmRun1 surefire-20250827213140766_1tmp surefire_0-20250827213140766_2tmp"/>
    <property name="jdk.debug" value="release"/>
    <property name="surefire.test.class.path" value="/Users/td/Desktop/home/Aktuelle Trend Inf/my-prose-duongnt/target/test-classes:/Users/td/Desktop/home/Aktuelle Trend Inf/my-prose-duongnt/target/classes:/Users/td/.m2/repository/org/junit/jupiter/junit-jupiter-api/6.0.0-M2/junit-jupiter-api-6.0.0-M2.jar:/Users/td/.m2/repository/org/opentest4j/opentest4j/1.3.0/opentest4j-1.3.0.jar:/Users/td/.m2/repository/org/junit/platform/junit-platform-commons/6.0.0-M2/junit-platform-commons-6.0.0-M2.jar:/Users/td/.m2/repository/org/apiguardian/apiguardian-api/1.1.2/apiguardian-api-1.1.2.jar:/Users/td/.m2/repository/org/jspecify/jspecify/1.0.0/jspecify-1.0.0.jar:"/>
    <property name="sun.cpu.endian" value="little"/>
    <property name="user.home" value="/Users/td"/>
    <property name="user.language" value="de"/>
    <property name="java.specification.vendor" value="Oracle Corporation"/>
    <property name="java.version.date" value="2025-01-21"/>
    <property name="java.home" value="/Users/td/Library/Java/JavaVirtualMachines/openjdk-23.0.2/Contents/Home"/>
    <property name="file.separator" value="/"/>
    <property name="basedir" value="/Users/td/Desktop/home/Aktuelle Trend Inf/my-prose-duongnt"/>
    <property name="java.vm.compressedOopsMode" value="Zero based"/>
    <property name="line.separator" value="&#10;"/>
    <property name="java.specification.name" value="Java Platform API Specification"/>
    <property name="java.vm.specification.vendor" value="Oracle Corporation"/>
    <property name="apple.awt.application.name" value="ForkedBooter"/>
    <property name="surefire.real.class.path" value="/Users/td/Desktop/home/Aktuelle Trend Inf/my-prose-duongnt/target/surefire/surefirebooter-20250827213140766_3.jar"/>
    <property name="sun.management.compiler" value="HotSpot 64-Bit Tiered Compilers"/>
    <property name="java.runtime.version" value="23.0.2+7-58"/>
    <property name="user.name" value="td"/>
    <property name="stdout.encoding" value="UTF-8"/>
    <property name="path.separator" value=":"/>
    <property name="os.version" value="15.6.1"/>
    <property name="java.runtime.name" value="OpenJDK Runtime Environment"/>
    <property name="file.encoding" value="UTF-8"/>
    <property name="java.vm.name" value="OpenJDK 64-Bit Server VM"/>
    <property name="localRepository" value="/Users/td/.m2/repository"/>
    <property name="java.vendor.url.bug" value="https://bugreport.java.com/bugreport/"/>
    <property name="java.io.tmpdir" value="/var/folders/_7/qhdkz_9d0hn25j00zmk0jbmr0000gp/T/"/>
    <property name="idea.version" value="2024.3.2.2"/>
    <property name="java.version" value="23.0.2"/>
    <property name="user.dir" value="/Users/td/Desktop/home/Aktuelle Trend Inf/my-prose-duongnt"/>
    <property name="os.arch" value="aarch64"/>
    <property name="java.vm.specification.name" value="Java Virtual Machine Specification"/>
    <property name="native.encoding" value="UTF-8"/>
    <property name="java.library.path" value="/Users/td/Library/Java/Extensions:/Library/Java/Extensions:/Network/Library/Java/Extensions:/System/Library/Java/Extensions:/usr/lib/java:."/>
    <property name="java.vm.info" value="mixed mode, sharing"/>
    <property name="stderr.encoding" value="UTF-8"/>
    <property name="java.vendor" value="Oracle Corporation"/>
    <property name="java.vm.version" value="23.0.2+7-58"/>
    <property name="sun.io.unicode.encoding" value="UnicodeBig"/>
    <property name="java.class.version" value="67.0"/>
  </properties>
  <testcase name="appTest" classname="de.htw_berlin.fb4.prose_duongnt.AppTest" time="0.01"/>
</testsuite>